#
# A fatal error has been detected by the Java Runtime Environment:
#
#  SIGSEGV (0xb) at pc=0xb6d42ac1, pid=8577, tid=2745887552
#
# JRE version: Java(TM) SE Runtime Environment (8.0_91-b14) (build 1.8.0_91-b14)
# Java VM: Java HotSpot(TM) Client VM (25.91-b14 mixed mode linux-x86 )
# Problematic frame:
# V  [libjvm.so+0x245ac1]  frame::sender(RegisterMap*) const+0xf1
#
# Failed to write core dump. Core dumps have been disabled. To enable core dumping, try "ulimit -c unlimited" before starting Java again
#
# If you would like to submit a bug report, please visit:
#   http://bugreport.java.com/bugreport/crash.jsp
#

---------------  T H R E A D  ---------------

Current thread (0xb6988c00):  JavaThread "JDWP Transport Listener: dt_socket" daemon [_thread_in_vm, id=8590, stack(0xa3a5e000,0xa3aaf000)]

siginfo: si_signo: 11 (SIGSEGV), si_code: 1 (SEGV_MAPERR), si_addr: 0x8d10c487

Registers:
EAX=0x8d10c483, EBX=0xb715ea9c, ECX=0x5e5bf465, EDX=0xb4562c00
ESP=0xa3aad7a4, EBP=0xa3aad7c8, ESI=0xa3407384, EDI=0xa3aad9e4
EIP=0xb6d42ac1, EFLAGS=0x00010292, CR2=0x8d10c487

Top of Stack: (sp=0xa3aad7a4)
0xa3aad7a4:   00000000 00000000 b6d429de b70e639c
0xa3aad7b4:   00000000 00000000 b715ea9c a3407384
0xa3aad7c4:   a3407380 a3aad838 b6d3efe6 a3aad9e4
0xa3aad7d4:   a3407384 a3aad864 b6caf032 b45605c8
0xa3aad7e4:   b4560699 a3aad808 a3aad800 a3aada04
0xa3aad7f4:   a3aada98 a3aad9d8 b70aa0c2 b698919c
0xa3aad804:   a3aada98 a3aada04 a3aada04 a3aada54
0xa3aad814:   b7777140 000005c0 b6989180 b4560699 

Instructions: (pc=0xb6d42ac1)
0xb6d42aa1:   00 00 00 8b 45 08 8d 65 f4 5b 5e 5f 5d c2 04 00
0xb6d42ab1:   8d b4 26 00 00 00 00 8b 46 10 8b 7d 08 83 ec 0c
0xb6d42ac1:   8b 48 04 8b 10 83 c0 08 89 57 10 89 07 89 47 14
0xb6d42ad1:   89 4f 04 51 eb 90 90 8b 75 08 c7 46 0c 00 00 00 

Register to memory mapping:

EAX=0x8d10c483 is an unknown value
EBX=0xb715ea9c: <offset 0x661a9c> in /usr/lib/jvm/java-8-oracle/jre/lib/i386/client/libjvm.so at 0xb6afd000
ECX=0x5e5bf465 is an unknown value
EDX=0xb4562c00 is pointing into interpreter code (not bytecode specific)
ESP=0xa3aad7a4 is pointing into the stack for thread: 0xb6988c00
EBP=0xa3aad7c8 is pointing into the stack for thread: 0xb6988c00
ESI=0xa3407384 is an unknown value
EDI=0xa3aad9e4 is pointing into the stack for thread: 0xb6988c00


Stack: [0xa3a5e000,0xa3aaf000],  sp=0xa3aad7a4,  free space=317k
Native frames: (J=compiled Java code, j=interpreted, Vv=VM code, C=native code)
V  [libjvm.so+0x245ac1]  frame::sender(RegisterMap*) const+0xf1
V  [libjvm.so+0x241fe6]  frame::real_sender(RegisterMap*) const+0x26
V  [libjvm.so+0x5ad1b7]  vframe::sender() const+0x67
V  [libjvm.so+0x5abdd8]  vframe::java_sender() const+0x28
V  [libjvm.so+0x3be572]  JvmtiEnvBase::get_frame_location(JavaThread*, int, _jmethodID**, long long*)+0xb2
V  [libjvm.so+0x3b31de]  JvmtiEnv::GetFrameLocation(JavaThread*, int, _jmethodID**, long long*)+0x9e
V  [libjvm.so+0x3afef8]  jvmti_GetFrameLocation+0x188
C  [libjdwp.so+0xada6]  frames+0x286
C  [libjdwp.so+0x128f3]  debugLoop_run+0x303
C  [libjdwp.so+0x274df]  connectionInitiated+0xbf
C  [libjdwp.so+0x27520]  attachThread+0x30
V  [libjvm.so+0x3d0ca1]  JvmtiAgentThread::call_start_function()+0xc1
V  [libjvm.so+0x57d189]  JavaThread::thread_main_inner()+0x109
V  [libjvm.so+0x57d30b]  JavaThread::run()+0x14b
V  [libjvm.so+0x4a05a9]  java_start(Thread*)+0x119
C  [libpthread.so.0+0x6f70]  start_thread+0xd0
C  [libc.so.6+0xec70e]  clone+0x5e


---------------  P R O C E S S  ---------------

Java Threads: ( => current thread )
  0xa391e400 JavaThread "SIGTERM handler" daemon [_thread_blocked, id=8604, stack(0xa38af000,0xa3900000)]
  0xb6995800 JavaThread "Service Thread" daemon [_thread_blocked, id=8598, stack(0xa37dd000,0xa382e000)]
  0xb6993000 JavaThread "C1 CompilerThread0" daemon [_thread_blocked, id=8597, stack(0xa382e000,0xa38af000)]
  0xb698c400 JavaThread "JDWP Event Helper Thread" daemon [_thread_blocked, id=8593, stack(0xa3a0d000,0xa3a5e000)]
=>0xb6988c00 JavaThread "JDWP Transport Listener: dt_socket" daemon [_thread_in_vm, id=8590, stack(0xa3a5e000,0xa3aaf000)]
  0xb6980800 JavaThread "Signal Dispatcher" daemon [_thread_blocked, id=8588, stack(0xa3aaf000,0xa3b00000)]
  0xb6966c00 JavaThread "Finalizer" daemon [_thread_blocked, id=8586, stack(0xa3c0e000,0xa3c5f000)]
  0xb6963c00 JavaThread "Reference Handler" daemon [_thread_blocked, id=8585, stack(0xa3c5f000,0xa3cb0000)]
  0xb6909000 JavaThread "main" [_thread_blocked, id=8579, stack(0xb6a66000,0xb6ab7000)]

Other Threads:
  0xb695f400 VMThread [stack: 0xa3cb0000,0xa3d31000] [id=8584]

VM state:synchronizing (normal execution)

VM Mutex/Monitor currently owned by a thread:  ([mutex/lock_event])
[0xb6906748] Threads_lock - owner thread: 0xb695f400

Heap:
 def new generation   total 4928K, used 884K [0xa4400000, 0xa4950000, 0xa9950000)
  eden space 4416K,  20% used [0xa4400000, 0xa44dd030, 0xa4850000)
  from space 512K,   0% used [0xa4850000, 0xa4850000, 0xa48d0000)
  to   space 512K,   0% used [0xa48d0000, 0xa48d0000, 0xa4950000)
 tenured generation   total 10944K, used 0K [0xa9950000, 0xaa400000, 0xb4400000)
   the space 10944K,   0% used [0xa9950000, 0xa9950000, 0xa9950200, 0xaa400000)
 Metaspace       used 1694K, capacity 2240K, committed 2328K, reserved 4400K

Card table byte_map: [0xb445f000,0xb44e0000] byte_map_base: 0xb3f3d000

Polling page: 0xb778e000

CodeCache: size=32768Kb used=670Kb max_used=670Kb free=32097Kb
 bounds [0xb4560000, 0xb4608000, 0xb6560000]
 total_blobs=150 nmethods=21 adapters=69
 compilation: enabled

Compilation events (10 events):
Event: 0,201 Thread 0xb6993000   17             java.util.HashSet::iterator (13 bytes)
Event: 0,202 Thread 0xb6993000 nmethod 17 0xb4606e08 code [0xb4606f20, 0xb4606fd8]
Event: 0,202 Thread 0xb6993000   18             java.util.HashMap::keySet (27 bytes)
Event: 0,202 Thread 0xb6993000 nmethod 18 0xb4607048 code [0xb4607150, 0xb4607250]
Event: 0,202 Thread 0xb6993000   19             java.util.HashMap$KeySet::iterator (12 bytes)
Event: 0,202 Thread 0xb6993000 nmethod 19 0xb46072c8 code [0xb46073d0, 0xb46074cc]
Event: 0,202 Thread 0xb6993000   20             java.util.HashMap$KeyIterator::<init> (11 bytes)
Event: 0,202 Thread 0xb6993000 nmethod 20 0xb4607588 code [0xb4607690, 0xb460773c]
Event: 0,202 Thread 0xb6993000   21             com.nikitachizhik91.university.domain.Group::hashCode (67 bytes)
Event: 0,202 Thread 0xb6993000 nmethod 21 0xb4607788 code [0xb46078a0, 0xb46079c8]

GC Heap History (0 events):
No events

Deoptimization events (0 events):
No events

Internal exceptions (10 events):
Event: 34,179 Thread 0xb6909000 Exception <a 'java/io/IOException'> (0xa44a67b0) thrown at [/HUDSON/workspace/8-2-build-linux-i586/jdk8u91/6644/hotspot/src/share/vm/prims/jni.cpp, line 709]
Event: 34,179 Thread 0xb6909000 Exception <a 'java/io/IOException'> (0xa44a6f10) thrown at [/HUDSON/workspace/8-2-build-linux-i586/jdk8u91/6644/hotspot/src/share/vm/prims/jni.cpp, line 709]
Event: 34,179 Thread 0xb6909000 Exception <a 'java/io/IOException'> (0xa44a71e0) thrown at [/HUDSON/workspace/8-2-build-linux-i586/jdk8u91/6644/hotspot/src/share/vm/prims/jni.cpp, line 709]
Event: 34,180 Thread 0xb6909000 Exception <a 'java/io/IOException'> (0xa44a7480) thrown at [/HUDSON/workspace/8-2-build-linux-i586/jdk8u91/6644/hotspot/src/share/vm/prims/jni.cpp, line 709]
Event: 34,180 Thread 0xb6909000 Exception <a 'java/io/IOException'> (0xa44a7b28) thrown at [/HUDSON/workspace/8-2-build-linux-i586/jdk8u91/6644/hotspot/src/share/vm/prims/jni.cpp, line 709]
Event: 34,180 Thread 0xb6909000 Exception <a 'java/io/IOException'> (0xa44a7df8) thrown at [/HUDSON/workspace/8-2-build-linux-i586/jdk8u91/6644/hotspot/src/share/vm/prims/jni.cpp, line 709]
Event: 34,180 Thread 0xb6909000 Exception <a 'java/io/IOException'> (0xa44a8098) thrown at [/HUDSON/workspace/8-2-build-linux-i586/jdk8u91/6644/hotspot/src/share/vm/prims/jni.cpp, line 709]
Event: 34,180 Thread 0xb6909000 Exception <a 'java/io/IOException'> (0xa44a8788) thrown at [/HUDSON/workspace/8-2-build-linux-i586/jdk8u91/6644/hotspot/src/share/vm/prims/jni.cpp, line 709]
Event: 34,180 Thread 0xb6909000 Exception <a 'java/io/IOException'> (0xa44a8a58) thrown at [/HUDSON/workspace/8-2-build-linux-i586/jdk8u91/6644/hotspot/src/share/vm/prims/jni.cpp, line 709]
Event: 34,180 Thread 0xb6909000 Exception <a 'java/io/IOException'> (0xa44a8cf8) thrown at [/HUDSON/workspace/8-2-build-linux-i586/jdk8u91/6644/hotspot/src/share/vm/prims/jni.cpp, line 709]

Events (10 events):
Event: 34,176 loading class java/lang/Throwable$PrintStreamOrWriter done
Event: 34,176 loading class java/lang/Throwable$WrappedPrintStream done
Event: 34,176 loading class java/util/IdentityHashMap
Event: 34,176 loading class java/util/IdentityHashMap done
Event: 34,176 loading class java/util/IdentityHashMap$KeySet
Event: 34,176 loading class java/util/IdentityHashMap$KeySet done
Event: 34,177 loading class java/io/IOException
Event: 34,177 loading class java/io/IOException done
Event: 34,177 loading class java/io/InterruptedIOException
Event: 34,177 loading class java/io/InterruptedIOException done


Dynamic libraries:
08048000-08049000 r-xp 00000000 08:05 932005     /usr/lib/jvm/java-8-oracle/bin/java
08049000-0804a000 rw-p 00000000 08:05 932005     /usr/lib/jvm/java-8-oracle/bin/java
085c6000-085e7000 rw-p 00000000 00:00 0          [heap]
a32f8000-a3400000 rw-p 00000000 00:00 0 
a3400000-a348f000 rw-p 00000000 00:00 0 
a348f000-a3500000 ---p 00000000 00:00 0 
a3593000-a3600000 rw-p 00000000 00:00 0 
a3600000-a36ff000 rw-p 00000000 00:00 0 
a36ff000-a3700000 ---p 00000000 00:00 0 
a372d000-a375c000 r--p 00000000 08:05 1345820    /usr/share/locale-langpack/ru/LC_MESSAGES/libc.mo
a375c000-a375d000 ---p 00000000 00:00 0 
a375d000-a37dd000 rw-p 00000000 00:00 0 
a37dd000-a37e0000 ---p 00000000 00:00 0 
a37e0000-a382e000 rw-p 00000000 00:00 0          [stack:8598]
a382e000-a3831000 ---p 00000000 00:00 0 
a3831000-a38af000 rw-p 00000000 00:00 0          [stack:8597]
a38af000-a38b2000 ---p 00000000 00:00 0 
a38b2000-a3900000 rw-p 00000000 00:00 0          [stack:8604]
a3900000-a3927000 rw-p 00000000 00:00 0 
a3927000-a3a00000 ---p 00000000 00:00 0 
a3a0d000-a3a10000 ---p 00000000 00:00 0 
a3a10000-a3a5e000 rw-p 00000000 00:00 0          [stack:8593]
a3a5e000-a3a61000 ---p 00000000 00:00 0 
a3a61000-a3aaf000 rw-p 00000000 00:00 0          [stack:8590]
a3aaf000-a3ab2000 ---p 00000000 00:00 0 
a3ab2000-a3b00000 rw-p 00000000 00:00 0          [stack:8588]
a3b00000-a3bfc000 rw-p 00000000 00:00 0 
a3bfc000-a3c00000 ---p 00000000 00:00 0 
a3c0e000-a3c11000 ---p 00000000 00:00 0 
a3c11000-a3c5f000 rw-p 00000000 00:00 0          [stack:8586]
a3c5f000-a3c62000 ---p 00000000 00:00 0 
a3c62000-a3cb0000 rw-p 00000000 00:00 0          [stack:8585]
a3cb0000-a3cb1000 ---p 00000000 00:00 0 
a3cb1000-a3d80000 rw-p 00000000 00:00 0          [stack:8584]
a3d80000-a3f59000 r--s 03d1f000 08:05 931838     /usr/lib/jvm/java-8-oracle/jre/lib/rt.jar
a3f59000-a41fa000 rw-p 00000000 00:00 0 
a41fa000-a4400000 ---p 00000000 00:00 0 
a4400000-a4950000 rw-p 00000000 00:00 0 
a4950000-a9950000 ---p 00000000 00:00 0 
a9950000-aa400000 rw-p 00000000 00:00 0 
aa400000-b4400000 ---p 00000000 00:00 0 
b4409000-b440f000 rw-p 00000000 00:00 0 
b440f000-b445f000 ---p 00000000 00:00 0 
b445f000-b4462000 rw-p 00000000 00:00 0 
b4462000-b4489000 ---p 00000000 00:00 0 
b4489000-b448f000 rw-p 00000000 00:00 0 
b448f000-b44df000 ---p 00000000 00:00 0 
b44df000-b44e3000 rw-p 00000000 00:00 0 
b44e3000-b4560000 ---p 00000000 00:00 0 
b4560000-b4608000 rwxp 00000000 00:00 0 
b4608000-b6560000 ---p 00000000 00:00 0 
b6560000-b6579000 r-xp 00000000 08:05 931806     /usr/lib/jvm/java-8-oracle/jre/lib/i386/libzip.so
b6579000-b657a000 rw-p 00019000 08:05 931806     /usr/lib/jvm/java-8-oracle/jre/lib/i386/libzip.so
b657a000-b6585000 r-xp 00000000 08:05 525353     /lib/i386-linux-gnu/libnss_files-2.19.so
b6585000-b6586000 r--p 0000a000 08:05 525353     /lib/i386-linux-gnu/libnss_files-2.19.so
b6586000-b6587000 rw-p 0000b000 08:05 525353     /lib/i386-linux-gnu/libnss_files-2.19.so
b6587000-b6591000 r-xp 00000000 08:05 525363     /lib/i386-linux-gnu/libnss_nis-2.19.so
b6591000-b6592000 r--p 00009000 08:05 525363     /lib/i386-linux-gnu/libnss_nis-2.19.so
b6592000-b6593000 rw-p 0000a000 08:05 525363     /lib/i386-linux-gnu/libnss_nis-2.19.so
b6593000-b65a8000 r-xp 00000000 08:05 525347     /lib/i386-linux-gnu/libnsl-2.19.so
b65a8000-b65a9000 r--p 00015000 08:05 525347     /lib/i386-linux-gnu/libnsl-2.19.so
b65a9000-b65aa000 rw-p 00016000 08:05 525347     /lib/i386-linux-gnu/libnsl-2.19.so
b65aa000-b65ac000 rw-p 00000000 00:00 0 
b65ac000-b65b3000 r-xp 00000000 08:05 525349     /lib/i386-linux-gnu/libnss_compat-2.19.so
b65b3000-b65b4000 r--p 00006000 08:05 525349     /lib/i386-linux-gnu/libnss_compat-2.19.so
b65b4000-b65b5000 rw-p 00007000 08:05 525349     /lib/i386-linux-gnu/libnss_compat-2.19.so
b65bf000-b65c6000 r--s 00000000 08:05 795323     /usr/lib/i386-linux-gnu/gconv/gconv-modules.cache
b65c6000-b65ce000 rw-s 00000000 08:05 145435     /tmp/hsperfdata_nikita/8577
b65ce000-b6700000 r--p 002c8000 08:05 796688     /usr/lib/locale/locale-archive
b6700000-b6900000 r--p 00000000 08:05 796688     /usr/lib/locale/locale-archive
b6900000-b69b7000 rw-p 00000000 00:00 0 
b69b7000-b6a00000 ---p 00000000 00:00 0 
b6a00000-b6a37000 r-xp 00000000 08:05 931761     /usr/lib/jvm/java-8-oracle/jre/lib/i386/libjdwp.so
b6a37000-b6a38000 rw-p 00037000 08:05 931761     /usr/lib/jvm/java-8-oracle/jre/lib/i386/libjdwp.so
b6a38000-b6a5c000 r-xp 00000000 08:05 931805     /usr/lib/jvm/java-8-oracle/jre/lib/i386/libjava.so
b6a5c000-b6a5d000 rw-p 00023000 08:05 931805     /usr/lib/jvm/java-8-oracle/jre/lib/i386/libjava.so
b6a5d000-b6a64000 r-xp 00000000 08:05 525406     /lib/i386-linux-gnu/librt-2.19.so
b6a64000-b6a65000 r--p 00006000 08:05 525406     /lib/i386-linux-gnu/librt-2.19.so
b6a65000-b6a66000 rw-p 00007000 08:05 525406     /lib/i386-linux-gnu/librt-2.19.so
b6a66000-b6a69000 ---p 00000000 00:00 0 
b6a69000-b6ab7000 rw-p 00000000 00:00 0          [stack:8579]
b6ab7000-b6afb000 r-xp 00000000 08:05 525328     /lib/i386-linux-gnu/libm-2.19.so
b6afb000-b6afc000 r--p 00043000 08:05 525328     /lib/i386-linux-gnu/libm-2.19.so
b6afc000-b6afd000 rw-p 00044000 08:05 525328     /lib/i386-linux-gnu/libm-2.19.so
b6afd000-b714f000 r-xp 00000000 08:05 931758     /usr/lib/jvm/java-8-oracle/jre/lib/i386/client/libjvm.so
b714f000-b7175000 rw-p 00652000 08:05 931758     /usr/lib/jvm/java-8-oracle/jre/lib/i386/client/libjvm.so
b7175000-b759c000 rw-p 00000000 00:00 0 
b759c000-b7745000 r-xp 00000000 08:05 525277     /lib/i386-linux-gnu/libc-2.19.so
b7745000-b7747000 r--p 001a9000 08:05 525277     /lib/i386-linux-gnu/libc-2.19.so
b7747000-b7748000 rw-p 001ab000 08:05 525277     /lib/i386-linux-gnu/libc-2.19.so
b7748000-b774b000 rw-p 00000000 00:00 0 
b774b000-b774e000 r-xp 00000000 08:05 525294     /lib/i386-linux-gnu/libdl-2.19.so
b774e000-b774f000 r--p 00002000 08:05 525294     /lib/i386-linux-gnu/libdl-2.19.so
b774f000-b7750000 rw-p 00003000 08:05 525294     /lib/i386-linux-gnu/libdl-2.19.so
b7750000-b7764000 r-xp 00000000 08:05 931458     /usr/lib/jvm/java-8-oracle/lib/i386/jli/libjli.so
b7764000-b7765000 rw-p 00014000 08:05 931458     /usr/lib/jvm/java-8-oracle/lib/i386/jli/libjli.so
b7765000-b7766000 rw-p 00000000 00:00 0 
b7766000-b777e000 r-xp 00000000 08:05 525398     /lib/i386-linux-gnu/libpthread-2.19.so
b777e000-b777f000 r--p 00017000 08:05 525398     /lib/i386-linux-gnu/libpthread-2.19.so
b777f000-b7780000 rw-p 00018000 08:05 525398     /lib/i386-linux-gnu/libpthread-2.19.so
b7780000-b7783000 rw-p 00000000 00:00 0 
b7783000-b7785000 rw-p 00000000 00:00 0 
b7785000-b7788000 r-xp 00000000 08:05 931799     /usr/lib/jvm/java-8-oracle/jre/lib/i386/libdt_socket.so
b7788000-b7789000 rw-p 00003000 08:05 931799     /usr/lib/jvm/java-8-oracle/jre/lib/i386/libdt_socket.so
b7789000-b778a000 r--p 003fa000 08:05 796688     /usr/lib/locale/locale-archive
b778a000-b778c000 r-xp 00000000 08:05 931804     /usr/lib/jvm/java-8-oracle/jre/lib/i386/libnpt.so
b778c000-b778d000 rw-p 00001000 08:05 931804     /usr/lib/jvm/java-8-oracle/jre/lib/i386/libnpt.so
b778d000-b778e000 rw-p 00000000 00:00 0 
b778e000-b778f000 ---p 00000000 00:00 0 
b778f000-b779a000 r-xp 00000000 08:05 931784     /usr/lib/jvm/java-8-oracle/jre/lib/i386/libverify.so
b779a000-b779b000 rw-p 0000b000 08:05 931784     /usr/lib/jvm/java-8-oracle/jre/lib/i386/libverify.so
b779b000-b779d000 rw-p 00000000 00:00 0 
b779d000-b779e000 r-xp 00000000 00:00 0          [vdso]
b779e000-b77be000 r-xp 00000000 08:05 525253     /lib/i386-linux-gnu/ld-2.19.so
b77be000-b77bf000 r--p 0001f000 08:05 525253     /lib/i386-linux-gnu/ld-2.19.so
b77bf000-b77c0000 rw-p 00020000 08:05 525253     /lib/i386-linux-gnu/ld-2.19.so
bf7bd000-bf7be000 rwxp 00000000 00:00 0 
bf7f0000-bf811000 rw-p 00000000 00:00 0          [stack]

VM Arguments:
jvm_args: -agentlib:jdwp=transport=dt_socket,suspend=y,address=localhost:33454 -Dfile.encoding=UTF-8 
java_command: com.nikitachizhik91.university.domain.Main
java_class_path (initial): /home/nikita/foxminded/Task9DomainLayer/bin:/home/nikita/eclipse/plugins/org.junit_4.11.0.v201303080030/junit.jar:/home/nikita/eclipse/plugins/org.hamcrest.core_1.3.0.v201303031735.jar
Launcher Type: SUN_STANDARD

Environment Variables:
PATH=/usr/local/sbin:/usr/local/bin:/usr/sbin:/usr/bin:/sbin:/bin:/usr/games:/usr/local/games
USERNAME=nikita
LD_LIBRARY_PATH=/usr/lib/jvm/java-8-oracle/jre/lib/i386/client:/usr/lib/jvm/java-8-oracle/jre/lib/i386:
SHELL=/bin/bash
DISPLAY=:0.0

Signal Handlers:
SIGSEGV: [libjvm.so+0x5ba340], sa_mask[0]=11111111011111111101111111111110, sa_flags=SA_RESTART|SA_SIGINFO
SIGBUS: [libjvm.so+0x5ba340], sa_mask[0]=11111111011111111101111111111110, sa_flags=SA_RESTART|SA_SIGINFO
SIGFPE: [libjvm.so+0x49ac40], sa_mask[0]=11111111011111111101111111111110, sa_flags=SA_RESTART|SA_SIGINFO
SIGPIPE: [libjvm.so+0x49ac40], sa_mask[0]=11111111011111111101111111111110, sa_flags=SA_RESTART|SA_SIGINFO
SIGXFSZ: [libjvm.so+0x49ac40], sa_mask[0]=11111111011111111101111111111110, sa_flags=SA_RESTART|SA_SIGINFO
SIGILL: [libjvm.so+0x49ac40], sa_mask[0]=11111111011111111101111111111110, sa_flags=SA_RESTART|SA_SIGINFO
SIGUSR1: SIG_DFL, sa_mask[0]=00000000000000000000000000000000, sa_flags=none
SIGUSR2: [libjvm.so+0x49c2c0], sa_mask[0]=00100000000000000000000000000000, sa_flags=SA_RESTART|SA_SIGINFO
SIGHUP: [libjvm.so+0x49d770], sa_mask[0]=11111111011111111101111111111110, sa_flags=SA_RESTART|SA_SIGINFO
SIGINT: [libjvm.so+0x49d770], sa_mask[0]=11111111011111111101111111111110, sa_flags=SA_RESTART|SA_SIGINFO
SIGTERM: [libjvm.so+0x49d770], sa_mask[0]=11111111011111111101111111111110, sa_flags=SA_RESTART|SA_SIGINFO
SIGQUIT: [libjvm.so+0x49d770], sa_mask[0]=11111111011111111101111111111110, sa_flags=SA_RESTART|SA_SIGINFO


---------------  S Y S T E M  ---------------

OS:DISTRIB_ID=LinuxMint
DISTRIB_RELEASE=17
DISTRIB_CODENAME=qiana
DISTRIB_DESCRIPTION="Linux Mint 17 Qiana"

uname:Linux 3.13.0-24-generic #46-Ubuntu SMP Thu Apr 10 19:08:14 UTC 2014 i686
libc:glibc 2.19 NPTL 2.19 
rlimit: STACK 8192k, CORE 0k, NPROC 13881, NOFILE 4096, AS infinity
load average:0,99 0,52 0,35

/proc/meminfo:
MemTotal:        1804268 kB
MemFree:          252496 kB
Buffers:           14084 kB
Cached:           387860 kB
SwapCached:         5680 kB
Active:           740888 kB
Inactive:         720976 kB
Active(anon):     516628 kB
Inactive(anon):   578572 kB
Active(file):     224260 kB
Inactive(file):   142404 kB
Unevictable:           0 kB
Mlocked:               0 kB
HighTotal:        921224 kB
HighFree:          86736 kB
LowTotal:         883044 kB
LowFree:          165760 kB
SwapTotal:       1832956 kB
SwapFree:        1753604 kB
Dirty:               444 kB
Writeback:             0 kB
AnonPages:       1054596 kB
Mapped:           122184 kB
Shmem:             35276 kB
Slab:              46228 kB
SReclaimable:      31820 kB
SUnreclaim:        14408 kB
KernelStack:        3864 kB
PageTables:         9880 kB
NFS_Unstable:          0 kB
Bounce:                0 kB
WritebackTmp:          0 kB
CommitLimit:     2735088 kB
Committed_AS:    3932732 kB
VmallocTotal:     122880 kB
VmallocUsed:       53364 kB
VmallocChunk:      62964 kB
HardwareCorrupted:     0 kB
AnonHugePages:    147456 kB
HugePages_Total:       0
HugePages_Free:        0
HugePages_Rsvd:        0
HugePages_Surp:        0
Hugepagesize:       2048 kB
DirectMap4k:       59384 kB
DirectMap2M:      854016 kB


CPU:total 2 (2 cores per cpu, 1 threads per core) family 16 model 6 stepping 2, cmov, cx8, fxsr, mmx, sse, sse2, sse3, popcnt, mmxext, 3dnowpref, lzcnt, sse4a, tsc, tscinvbit, tscinv

/proc/cpuinfo:
processor	: 0
vendor_id	: AuthenticAMD
cpu family	: 16
model		: 6
model name	: AMD Athlon(tm) II X2 215 Processor
stepping	: 2
microcode	: 0x10000b7
cpu MHz		: 2100.000
cache size	: 512 KB
physical id	: 0
siblings	: 2
core id		: 0
cpu cores	: 2
apicid		: 0
initial apicid	: 0
fdiv_bug	: no
f00f_bug	: no
coma_bug	: no
fpu		: yes
fpu_exception	: yes
cpuid level	: 5
wp		: yes
flags		: fpu vme de pse tsc msr pae mce cx8 apic sep mtrr pge mca cmov pat pse36 clflush mmx fxsr sse sse2 ht syscall nx mmxext fxsr_opt pdpe1gb rdtscp lm 3dnowext 3dnow constant_tsc nonstop_tsc extd_apicid pni monitor cx16 popcnt lahf_lm cmp_legacy svm extapic cr8_legacy abm sse4a misalignsse 3dnowprefetch osvw ibs skinit wdt hw_pstate npt lbrv svm_lock nrip_save
bogomips	: 5425.05
clflush size	: 64
cache_alignment	: 64
address sizes	: 48 bits physical, 48 bits virtual
power management: ts ttp tm stc 100mhzsteps hwpstate

processor	: 1
vendor_id	: AuthenticAMD
cpu family	: 16
model		: 6
model name	: AMD Athlon(tm) II X2 215 Processor
stepping	: 2
microcode	: 0x10000b7
cpu MHz		: 800.000
cache size	: 512 KB
physical id	: 0
siblings	: 2
core id		: 1
cpu cores	: 2
apicid		: 1
initial apicid	: 1
fdiv_bug	: no
f00f_bug	: no
coma_bug	: no
fpu		: yes
fpu_exception	: yes
cpuid level	: 5
wp		: yes
flags		: fpu vme de pse tsc msr pae mce cx8 apic sep mtrr pge mca cmov pat pse36 clflush mmx fxsr sse sse2 ht syscall nx mmxext fxsr_opt pdpe1gb rdtscp lm 3dnowext 3dnow constant_tsc nonstop_tsc extd_apicid pni monitor cx16 popcnt lahf_lm cmp_legacy svm extapic cr8_legacy abm sse4a misalignsse 3dnowprefetch osvw ibs skinit wdt hw_pstate npt lbrv svm_lock nrip_save
bogomips	: 5425.05
clflush size	: 64
cache_alignment	: 64
address sizes	: 48 bits physical, 48 bits virtual
power management: ts ttp tm stc 100mhzsteps hwpstate



Memory: 4k page, physical 1804268k(252496k free), swap 1832956k(1753604k free)

vm_info: Java HotSpot(TM) Client VM (25.91-b14) for linux-x86 JRE (1.8.0_91-b14), built on Apr  1 2016 01:05:42 by "java_re" with gcc 4.3.0 20080428 (Red Hat 4.3.0-8)

time: Fri Feb 24 15:56:57 2017
elapsed time: 34 seconds (0d 0h 0m 34s)

