[INFO ] 2017-04-08 17:57:08 StudentDaoImpl - Found all students.
[INFO ] 2017-04-08 17:57:14 StudentDaoImpl - Found the Student :Student [id=2790, name=Dasha]
[INFO ] 2017-04-08 17:57:14 StudentDaoImpl - Found the Student :Student [id=2790, name=Dasha]
[INFO ] 2017-04-08 17:57:14 StudentDaoImpl - Found the Student :Student [id=2789, name=Nikita]
[INFO ] 2017-04-08 17:57:14 GroupDaoImpl - Found 2 Students by Group id=2
[INFO ] 2017-04-08 17:57:14 GroupDaoImpl - Found the Group :Group [id=2, name=234]
[INFO ] 2017-04-08 17:57:14 RoomDaoImpl - Found the Room :Room [id=1, number=101]
[INFO ] 2017-04-08 17:57:14 SubjectDaoImpl - Found the Subject :Subject [id=2, name=English]
[INFO ] 2017-04-08 17:57:14 SubjectDaoImpl - Found the Subject :Subject [id=2, name=English]
[INFO ] 2017-04-08 17:57:14 TeacherDaoImpl - Found the Teacher :Teacher [id=3, name=Chizhik Nikita]
[INFO ] 2017-04-08 17:57:14 StudentDaoImpl - Found the Student :Student [id=2790, name=Dasha]
[INFO ] 2017-04-08 17:57:14 StudentDaoImpl - Found the Student :Student [id=2789, name=Nikita]
[INFO ] 2017-04-08 17:57:14 GroupDaoImpl - Found 2 Students by Group id=2
[INFO ] 2017-04-08 17:57:14 GroupDaoImpl - Found the Group :Group [id=2, name=234]
[INFO ] 2017-04-08 17:57:15 RoomDaoImpl - Found the Room :Room [id=5, number=121]
[INFO ] 2017-04-08 17:57:15 SubjectDaoImpl - Found the Subject :Subject [id=4, name=Programming]
[INFO ] 2017-04-08 17:57:15 SubjectDaoImpl - Found the Subject :Subject [id=6, name=Bibliolog!Test]
[INFO ] 2017-04-08 17:57:15 TeacherDaoImpl - Found the Teacher :Teacher [id=12, name=Roma]
[INFO ] 2017-04-08 17:57:15 LessonDaoImpl - Got 2 lessons for Student timetable for Month
[INFO ] 2017-04-08 17:57:15 LessonManagerImpl - Found 2 lessons for Student:Student [id=2790, name=Dasha] and Date:Wed Mar 01 00:00:00 MSK 2017
[INFO ] 2017-04-08 17:57:15 StudentDaoImpl - Found all students.
[DEBUG] 2017-04-08 17:57:42 StudentDaoImpl - Executed query :select * from students
[INFO ] 2017-04-08 17:57:42 StudentDaoImpl - Found all students.
[DEBUG] 2017-04-08 17:57:47 StudentDaoImpl - Executed query :select * from students where id=2790
[INFO ] 2017-04-08 17:57:47 StudentDaoImpl - Found the Student :Student [id=2790, name=Dasha]
[DEBUG] 2017-04-08 17:57:47 LessonDaoImpl - Executed query :select * from lessons where group_id=(select group_id from groups_students where student_id=2790) and date between '2017-3-1 0:0:0.000000 +3:0:0' and '2017-3-30 23:59:59.000000 +3:0:0'
[DEBUG] 2017-04-08 17:57:47 GroupDaoImpl - Executed query :select * from groups where id=2
[DEBUG] 2017-04-08 17:57:47 GroupDaoImpl - Executed query :select student_id from groups_students where group_id=2
[DEBUG] 2017-04-08 17:57:47 StudentDaoImpl - Executed query :select * from students where id=2790
[INFO ] 2017-04-08 17:57:47 StudentDaoImpl - Found the Student :Student [id=2790, name=Dasha]
[DEBUG] 2017-04-08 17:57:47 StudentDaoImpl - Executed query :select * from students where id=2789
[INFO ] 2017-04-08 17:57:47 StudentDaoImpl - Found the Student :Student [id=2789, name=Nikita]
[INFO ] 2017-04-08 17:57:47 GroupDaoImpl - Found 2 Students by Group id=2
[INFO ] 2017-04-08 17:57:47 GroupDaoImpl - Found the Group :Group [id=2, name=234]
[DEBUG] 2017-04-08 17:57:47 RoomDaoImpl - Executed query :select * from rooms where id=1
[INFO ] 2017-04-08 17:57:47 RoomDaoImpl - Found the Room :Room [id=1, number=101]
[DEBUG] 2017-04-08 17:57:47 SubjectDaoImpl - Executed query :select * from subjects where id=2
[INFO ] 2017-04-08 17:57:47 SubjectDaoImpl - Found the Subject :Subject [id=2, name=English]
[DEBUG] 2017-04-08 17:57:47 TeacherDaoImpl - Executed query :select * from teachers where id=3
[DEBUG] 2017-04-08 17:57:47 SubjectDaoImpl - Executed query :select * from subjects where id=2
[INFO ] 2017-04-08 17:57:47 SubjectDaoImpl - Found the Subject :Subject [id=2, name=English]
[INFO ] 2017-04-08 17:57:47 TeacherDaoImpl - Found the Teacher :Teacher [id=3, name=Chizhik Nikita]
[DEBUG] 2017-04-08 17:57:47 GroupDaoImpl - Executed query :select * from groups where id=2
[DEBUG] 2017-04-08 17:57:47 GroupDaoImpl - Executed query :select student_id from groups_students where group_id=2
[DEBUG] 2017-04-08 17:57:47 StudentDaoImpl - Executed query :select * from students where id=2790
[INFO ] 2017-04-08 17:57:47 StudentDaoImpl - Found the Student :Student [id=2790, name=Dasha]
[DEBUG] 2017-04-08 17:57:47 StudentDaoImpl - Executed query :select * from students where id=2789
[INFO ] 2017-04-08 17:57:47 StudentDaoImpl - Found the Student :Student [id=2789, name=Nikita]
[INFO ] 2017-04-08 17:57:47 GroupDaoImpl - Found 2 Students by Group id=2
[INFO ] 2017-04-08 17:57:47 GroupDaoImpl - Found the Group :Group [id=2, name=234]
[DEBUG] 2017-04-08 17:57:47 RoomDaoImpl - Executed query :select * from rooms where id=5
[INFO ] 2017-04-08 17:57:47 RoomDaoImpl - Found the Room :Room [id=5, number=121]
[DEBUG] 2017-04-08 17:57:47 SubjectDaoImpl - Executed query :select * from subjects where id=4
[INFO ] 2017-04-08 17:57:47 SubjectDaoImpl - Found the Subject :Subject [id=4, name=Programming]
[DEBUG] 2017-04-08 17:57:47 TeacherDaoImpl - Executed query :select * from teachers where id=12
[DEBUG] 2017-04-08 17:57:47 SubjectDaoImpl - Executed query :select * from subjects where id=6
[INFO ] 2017-04-08 17:57:47 SubjectDaoImpl - Found the Subject :Subject [id=6, name=Bibliolog!Test]
[INFO ] 2017-04-08 17:57:47 TeacherDaoImpl - Found the Teacher :Teacher [id=12, name=Roma]
[INFO ] 2017-04-08 17:57:47 LessonDaoImpl - Got 2 lessons for Student timetable for Month
[INFO ] 2017-04-08 17:57:47 LessonManagerImpl - Found 2 lessons for Student:Student [id=2790, name=Dasha] and Date:Wed Mar 01 00:00:00 MSK 2017
[DEBUG] 2017-04-08 17:57:47 StudentDaoImpl - Executed query :select * from students
[INFO ] 2017-04-08 17:57:47 StudentDaoImpl - Found all students.
[DEBUG] 2017-04-08 18:03:19 StudentDaoImpl - Executed query :select * from students
[INFO ] 2017-04-08 18:03:19 StudentDaoImpl - Found all students.
[DEBUG] 2017-04-08 18:03:23 StudentDaoImpl - Executed query :select * from students where id=2790
[INFO ] 2017-04-08 18:03:23 StudentDaoImpl - Found the Student :Student [id=2790, name=Dasha]
[DEBUG] 2017-04-08 18:03:23 LessonDaoImpl - day of month=5
[DEBUG] 2017-04-08 18:03:23 LessonDaoImpl - Executed query :select * from lessons where group_id=(select group_id from groups_students where student_id=2790) and date between '2017-3-1 0:0:0.000000 +3:0:0' and '2017-3-30 23:59:59.000000 +3:0:0'
[DEBUG] 2017-04-08 18:03:23 GroupDaoImpl - Executed query :select * from groups where id=2
[DEBUG] 2017-04-08 18:03:23 GroupDaoImpl - Executed query :select student_id from groups_students where group_id=2
[DEBUG] 2017-04-08 18:03:23 StudentDaoImpl - Executed query :select * from students where id=2790
[INFO ] 2017-04-08 18:03:23 StudentDaoImpl - Found the Student :Student [id=2790, name=Dasha]
[DEBUG] 2017-04-08 18:03:23 StudentDaoImpl - Executed query :select * from students where id=2789
[INFO ] 2017-04-08 18:03:23 StudentDaoImpl - Found the Student :Student [id=2789, name=Nikita]
[INFO ] 2017-04-08 18:03:23 GroupDaoImpl - Found 2 Students by Group id=2
[INFO ] 2017-04-08 18:03:23 GroupDaoImpl - Found the Group :Group [id=2, name=234]
[DEBUG] 2017-04-08 18:03:23 RoomDaoImpl - Executed query :select * from rooms where id=1
[INFO ] 2017-04-08 18:03:23 RoomDaoImpl - Found the Room :Room [id=1, number=101]
[DEBUG] 2017-04-08 18:03:23 SubjectDaoImpl - Executed query :select * from subjects where id=2
[INFO ] 2017-04-08 18:03:23 SubjectDaoImpl - Found the Subject :Subject [id=2, name=English]
[DEBUG] 2017-04-08 18:03:23 TeacherDaoImpl - Executed query :select * from teachers where id=3
[DEBUG] 2017-04-08 18:03:23 SubjectDaoImpl - Executed query :select * from subjects where id=2
[INFO ] 2017-04-08 18:03:23 SubjectDaoImpl - Found the Subject :Subject [id=2, name=English]
[INFO ] 2017-04-08 18:03:23 TeacherDaoImpl - Found the Teacher :Teacher [id=3, name=Chizhik Nikita]
[DEBUG] 2017-04-08 18:03:23 GroupDaoImpl - Executed query :select * from groups where id=2
[DEBUG] 2017-04-08 18:03:23 GroupDaoImpl - Executed query :select student_id from groups_students where group_id=2
[DEBUG] 2017-04-08 18:03:23 StudentDaoImpl - Executed query :select * from students where id=2790
[INFO ] 2017-04-08 18:03:23 StudentDaoImpl - Found the Student :Student [id=2790, name=Dasha]
[DEBUG] 2017-04-08 18:03:23 StudentDaoImpl - Executed query :select * from students where id=2789
[INFO ] 2017-04-08 18:03:23 StudentDaoImpl - Found the Student :Student [id=2789, name=Nikita]
[INFO ] 2017-04-08 18:03:23 GroupDaoImpl - Found 2 Students by Group id=2
[INFO ] 2017-04-08 18:03:23 GroupDaoImpl - Found the Group :Group [id=2, name=234]
[DEBUG] 2017-04-08 18:03:24 RoomDaoImpl - Executed query :select * from rooms where id=5
[INFO ] 2017-04-08 18:03:24 RoomDaoImpl - Found the Room :Room [id=5, number=121]
[DEBUG] 2017-04-08 18:03:24 SubjectDaoImpl - Executed query :select * from subjects where id=4
[INFO ] 2017-04-08 18:03:24 SubjectDaoImpl - Found the Subject :Subject [id=4, name=Programming]
[DEBUG] 2017-04-08 18:03:24 TeacherDaoImpl - Executed query :select * from teachers where id=12
[DEBUG] 2017-04-08 18:03:24 SubjectDaoImpl - Executed query :select * from subjects where id=6
[INFO ] 2017-04-08 18:03:24 SubjectDaoImpl - Found the Subject :Subject [id=6, name=Bibliolog!Test]
[INFO ] 2017-04-08 18:03:24 TeacherDaoImpl - Found the Teacher :Teacher [id=12, name=Roma]
[INFO ] 2017-04-08 18:03:24 LessonDaoImpl - Got 2 lessons for Student timetable for Month
[INFO ] 2017-04-08 18:03:24 LessonManagerImpl - Found 2 lessons for Student:Student [id=2790, name=Dasha] and Date:Wed Mar 01 00:00:00 MSK 2017
[DEBUG] 2017-04-08 18:03:24 StudentDaoImpl - Executed query :select * from students
[INFO ] 2017-04-08 18:03:24 StudentDaoImpl - Found all students.
[DEBUG] 2017-04-08 18:06:43 StudentDaoImpl - Executed query :select * from students
[INFO ] 2017-04-08 18:06:43 StudentDaoImpl - Found all students.
[DEBUG] 2017-04-08 18:06:46 StudentDaoImpl - Executed query :select * from students where id=2790
[INFO ] 2017-04-08 18:06:46 StudentDaoImpl - Found the Student :Student [id=2790, name=Dasha]
[DEBUG] 2017-04-08 18:06:46 LessonDaoImpl - day of month=30
[DEBUG] 2017-04-08 18:06:46 LessonDaoImpl - Executed query :select * from lessons where group_id=(select group_id from groups_students where student_id=2790) and date between '2017-3-1 0:0:0.000000 +3:0:0' and '2017-3-30 23:59:59.000000 +3:0:0'
[DEBUG] 2017-04-08 18:06:46 GroupDaoImpl - Executed query :select * from groups where id=2
[DEBUG] 2017-04-08 18:06:46 GroupDaoImpl - Executed query :select student_id from groups_students where group_id=2
[DEBUG] 2017-04-08 18:06:46 StudentDaoImpl - Executed query :select * from students where id=2790
[INFO ] 2017-04-08 18:06:46 StudentDaoImpl - Found the Student :Student [id=2790, name=Dasha]
[DEBUG] 2017-04-08 18:06:46 StudentDaoImpl - Executed query :select * from students where id=2789
[INFO ] 2017-04-08 18:06:46 StudentDaoImpl - Found the Student :Student [id=2789, name=Nikita]
[INFO ] 2017-04-08 18:06:46 GroupDaoImpl - Found 2 Students by Group id=2
[INFO ] 2017-04-08 18:06:46 GroupDaoImpl - Found the Group :Group [id=2, name=234]
[DEBUG] 2017-04-08 18:06:46 RoomDaoImpl - Executed query :select * from rooms where id=1
[INFO ] 2017-04-08 18:06:46 RoomDaoImpl - Found the Room :Room [id=1, number=101]
[DEBUG] 2017-04-08 18:06:46 SubjectDaoImpl - Executed query :select * from subjects where id=2
[INFO ] 2017-04-08 18:06:46 SubjectDaoImpl - Found the Subject :Subject [id=2, name=English]
[DEBUG] 2017-04-08 18:06:47 TeacherDaoImpl - Executed query :select * from teachers where id=3
[DEBUG] 2017-04-08 18:06:47 SubjectDaoImpl - Executed query :select * from subjects where id=2
[INFO ] 2017-04-08 18:06:47 SubjectDaoImpl - Found the Subject :Subject [id=2, name=English]
[INFO ] 2017-04-08 18:06:47 TeacherDaoImpl - Found the Teacher :Teacher [id=3, name=Chizhik Nikita]
[DEBUG] 2017-04-08 18:06:47 GroupDaoImpl - Executed query :select * from groups where id=2
[DEBUG] 2017-04-08 18:06:47 GroupDaoImpl - Executed query :select student_id from groups_students where group_id=2
[DEBUG] 2017-04-08 18:06:47 StudentDaoImpl - Executed query :select * from students where id=2790
[INFO ] 2017-04-08 18:06:47 StudentDaoImpl - Found the Student :Student [id=2790, name=Dasha]
[DEBUG] 2017-04-08 18:06:47 StudentDaoImpl - Executed query :select * from students where id=2789
[INFO ] 2017-04-08 18:06:47 StudentDaoImpl - Found the Student :Student [id=2789, name=Nikita]
[INFO ] 2017-04-08 18:06:47 GroupDaoImpl - Found 2 Students by Group id=2
[INFO ] 2017-04-08 18:06:47 GroupDaoImpl - Found the Group :Group [id=2, name=234]
[DEBUG] 2017-04-08 18:06:47 RoomDaoImpl - Executed query :select * from rooms where id=5
[INFO ] 2017-04-08 18:06:47 RoomDaoImpl - Found the Room :Room [id=5, number=121]
[DEBUG] 2017-04-08 18:06:47 SubjectDaoImpl - Executed query :select * from subjects where id=4
[INFO ] 2017-04-08 18:06:47 SubjectDaoImpl - Found the Subject :Subject [id=4, name=Programming]
[DEBUG] 2017-04-08 18:06:47 TeacherDaoImpl - Executed query :select * from teachers where id=12
[DEBUG] 2017-04-08 18:06:47 SubjectDaoImpl - Executed query :select * from subjects where id=6
[INFO ] 2017-04-08 18:06:47 SubjectDaoImpl - Found the Subject :Subject [id=6, name=Bibliolog!Test]
[INFO ] 2017-04-08 18:06:47 TeacherDaoImpl - Found the Teacher :Teacher [id=12, name=Roma]
[INFO ] 2017-04-08 18:06:47 LessonDaoImpl - Got 2 lessons for Student timetable for Month
[INFO ] 2017-04-08 18:06:47 LessonManagerImpl - Found 2 lessons for Student:Student [id=2790, name=Dasha] and Date:Wed Mar 01 00:00:00 MSK 2017
[DEBUG] 2017-04-08 18:06:47 StudentDaoImpl - Executed query :select * from students
[INFO ] 2017-04-08 18:06:47 StudentDaoImpl - Found all students.
