
[TRACE] 2017-04-08 18:06:43 StudentForMonthServlet - Started studentTimetableForMonth() method.
[TRACE] 2017-04-08 18:06:43 StudentManagerImpl - Started findAll() method.
[TRACE] 2017-04-08 18:06:43 StudentManagerImpl - Finding all students
[TRACE] 2017-04-08 18:06:43 StudentDaoImpl - Started findAll() method.
[TRACE] 2017-04-08 18:06:43 StudentDaoImpl - Getting Conncetion and creating prepared statement and getting the result set.
[TRACE] 2017-04-08 18:06:43 Connector - Started getConnection() method.
[TRACE] 2017-04-08 18:06:43 Connector - Found DRIVER=org.postgresql.Driver
[TRACE] 2017-04-08 18:06:43 Connector - Got connection.
[TRACE] 2017-04-08 18:06:43 Connector - Finished getConnection().
[DEBUG] 2017-04-08 18:06:43 StudentDaoImpl - Executed query :select * from students
[TRACE] 2017-04-08 18:06:43 StudentDaoImpl - Got the result set.
[INFO ] 2017-04-08 18:06:43 StudentDaoImpl - Found all students.
[TRACE] 2017-04-08 18:06:43 StudentDaoImpl - Finished findAll() method.
[TRACE] 2017-04-08 18:06:43 StudentManagerImpl - Finished findAll() method.
[TRACE] 2017-04-08 18:06:43 StudentForMonthServlet - Finished studentTimetableForMonth() method.
[TRACE] 2017-04-08 18:06:46 DisplayStudentForMonthServlet - Started displayStudentTimetableForMonth() method.
[TRACE] 2017-04-08 18:06:46 StudentManagerImpl - Started findById() method.
[TRACE] 2017-04-08 18:06:46 StudentManagerImpl - Finding student by id.
[TRACE] 2017-04-08 18:06:46 StudentDaoImpl - Started findById() method.
[TRACE] 2017-04-08 18:06:46 StudentDaoImpl - Getting Conncetion and creating prepared statement.
[TRACE] 2017-04-08 18:06:46 Connector - Started getConnection() method.
[TRACE] 2017-04-08 18:06:46 Connector - Found DRIVER=org.postgresql.Driver
[TRACE] 2017-04-08 18:06:46 Connector - Got connection.
[TRACE] 2017-04-08 18:06:46 Connector - Finished getConnection().
[TRACE] 2017-04-08 18:06:46 StudentDaoImpl - Statement :select * from students where id=2790 is received.
[TRACE] 2017-04-08 18:06:46 StudentDaoImpl - Getting the result set.
[DEBUG] 2017-04-08 18:06:46 StudentDaoImpl - Executed query :select * from students where id=2790
[TRACE] 2017-04-08 18:06:46 StudentDaoImpl - Got the result set.
[INFO ] 2017-04-08 18:06:46 StudentDaoImpl - Found the Student :Student [id=2790, name=Dasha]
[TRACE] 2017-04-08 18:06:46 StudentDaoImpl - Finished findById() method.
[TRACE] 2017-04-08 18:06:46 StudentManagerImpl - Finished findById() method.
[TRACE] 2017-04-08 18:06:46 LessonManagerImpl - Started getStudentTimetableFoMonth().
[TRACE] 2017-04-08 18:06:46 LessonManagerImpl - Finding required lessons.
[TRACE] 2017-04-08 18:06:46 LessonDaoImpl - Started getStudentTimetableFoMonth().
[TRACE] 2017-04-08 18:06:46 LessonDaoImpl - Getting Conncetion and creating prepared statement and getting the result set.
[TRACE] 2017-04-08 18:06:46 Connector - Started getConnection() method.
[TRACE] 2017-04-08 18:06:46 Connector - Found DRIVER=org.postgresql.Driver
[TRACE] 2017-04-08 18:06:46 Connector - Got connection.
[TRACE] 2017-04-08 18:06:46 Connector - Finished getConnection().
[TRACE] 2017-04-08 18:06:46 LessonDaoImpl - start date=2017-03-01 00:00:00.0
[DEBUG] 2017-04-08 18:06:46 LessonDaoImpl - day of month=30
[TRACE] 2017-04-08 18:06:46 LessonDaoImpl - end date=2017-03-30 23:59:59.0
[DEBUG] 2017-04-08 18:06:46 LessonDaoImpl - Executed query :select * from lessons where group_id=(select group_id from groups_students where student_id=2790) and date between '2017-3-1 0:0:0.000000 +3:0:0' and '2017-3-30 23:59:59.000000 +3:0:0'
[TRACE] 2017-04-08 18:06:46 LessonDaoImpl - Got the result set.
[TRACE] 2017-04-08 18:06:46 GroupDaoImpl - Started findById() method.
[TRACE] 2017-04-08 18:06:46 GroupDaoImpl - Getting Conncetion and creating prepared statement.
[TRACE] 2017-04-08 18:06:46 Connector - Started getConnection() method.
[TRACE] 2017-04-08 18:06:46 Connector - Found DRIVER=org.postgresql.Driver
[TRACE] 2017-04-08 18:06:46 Connector - Got connection.
[TRACE] 2017-04-08 18:06:46 Connector - Finished getConnection().
[TRACE] 2017-04-08 18:06:46 GroupDaoImpl - Statement :select * from groups where id=2 is received.
[TRACE] 2017-04-08 18:06:46 GroupDaoImpl - Getting the result set.
[DEBUG] 2017-04-08 18:06:46 GroupDaoImpl - Executed query :select * from groups where id=2
[TRACE] 2017-04-08 18:06:46 GroupDaoImpl - Got the result set.
[TRACE] 2017-04-08 18:06:46 GroupDaoImpl - Started findStudentsByGroupId() method.
[TRACE] 2017-04-08 18:06:46 GroupDaoImpl - Getting Conncetion and creating prepared statement.
[TRACE] 2017-04-08 18:06:46 Connector - Started getConnection() method.
[TRACE] 2017-04-08 18:06:46 Connector - Found DRIVER=org.postgresql.Driver
[TRACE] 2017-04-08 18:06:46 Connector - Got connection.
[TRACE] 2017-04-08 18:06:46 Connector - Finished getConnection().
[TRACE] 2017-04-08 18:06:46 GroupDaoImpl - Statement :select student_id from groups_students where group_id=2 is received.
[TRACE] 2017-04-08 18:06:46 GroupDaoImpl - Getting the result set.
[DEBUG] 2017-04-08 18:06:46 GroupDaoImpl - Executed query :select student_id from groups_students where group_id=2
[TRACE] 2017-04-08 18:06:46 GroupDaoImpl - Got the result set.
[TRACE] 2017-04-08 18:06:46 StudentDaoImpl - Started findById() method.
[TRACE] 2017-04-08 18:06:46 StudentDaoImpl - Getting Conncetion and creating prepared statement.
[TRACE] 2017-04-08 18:06:46 Connector - Started getConnection() method.
[TRACE] 2017-04-08 18:06:46 Connector - Found DRIVER=org.postgresql.Driver
[TRACE] 2017-04-08 18:06:46 Connector - Got connection.
[TRACE] 2017-04-08 18:06:46 Connector - Finished getConnection().
[TRACE] 2017-04-08 18:06:46 StudentDaoImpl - Statement :select * from students where id=2790 is received.
[TRACE] 2017-04-08 18:06:46 StudentDaoImpl - Getting the result set.
[DEBUG] 2017-04-08 18:06:46 StudentDaoImpl - Executed query :select * from students where id=2790
[TRACE] 2017-04-08 18:06:46 StudentDaoImpl - Got the result set.
[INFO ] 2017-04-08 18:06:46 StudentDaoImpl - Found the Student :Student [id=2790, name=Dasha]
[TRACE] 2017-04-08 18:06:46 StudentDaoImpl - Finished findById() method.
[TRACE] 2017-04-08 18:06:46 StudentDaoImpl - Started findById() method.
[TRACE] 2017-04-08 18:06:46 StudentDaoImpl - Getting Conncetion and creating prepared statement.
[TRACE] 2017-04-08 18:06:46 Connector - Started getConnection() method.
[TRACE] 2017-04-08 18:06:46 Connector - Found DRIVER=org.postgresql.Driver
[TRACE] 2017-04-08 18:06:46 Connector - Got connection.
[TRACE] 2017-04-08 18:06:46 Connector - Finished getConnection().
[TRACE] 2017-04-08 18:06:46 StudentDaoImpl - Statement :select * from students where id=2789 is received.
[TRACE] 2017-04-08 18:06:46 StudentDaoImpl - Getting the result set.
[DEBUG] 2017-04-08 18:06:46 StudentDaoImpl - Executed query :select * from students where id=2789
[TRACE] 2017-04-08 18:06:46 StudentDaoImpl - Got the result set.
[INFO ] 2017-04-08 18:06:46 StudentDaoImpl - Found the Student :Student [id=2789, name=Nikita]
[TRACE] 2017-04-08 18:06:46 StudentDaoImpl - Finished findById() method.
[INFO ] 2017-04-08 18:06:46 GroupDaoImpl - Found 2 Students by Group id=2
[TRACE] 2017-04-08 18:06:46 GroupDaoImpl - Finished findStudentsByGroupId() method.
[INFO ] 2017-04-08 18:06:46 GroupDaoImpl - Found the Group :Group [id=2, name=234]
[TRACE] 2017-04-08 18:06:46 GroupDaoImpl - Finished findById() method.
[TRACE] 2017-04-08 18:06:46 RoomDaoImpl - Started findById() method.
[TRACE] 2017-04-08 18:06:46 RoomDaoImpl - Getting Conncetion and creating prepared statement.
[TRACE] 2017-04-08 18:06:46 Connector - Started getConnection() method.
[TRACE] 2017-04-08 18:06:46 Connector - Found DRIVER=org.postgresql.Driver
[TRACE] 2017-04-08 18:06:46 Connector - Got connection.
[TRACE] 2017-04-08 18:06:46 Connector - Finished getConnection().
[TRACE] 2017-04-08 18:06:46 RoomDaoImpl - Statement :select * from rooms where id=1 is received.
[TRACE] 2017-04-08 18:06:46 RoomDaoImpl - Getting the result set.
[DEBUG] 2017-04-08 18:06:46 RoomDaoImpl - Executed query :select * from rooms where id=1
[TRACE] 2017-04-08 18:06:46 RoomDaoImpl - Got the result set.
[INFO ] 2017-04-08 18:06:46 RoomDaoImpl - Found the Room :Room [id=1, number=101]
[TRACE] 2017-04-08 18:06:46 RoomDaoImpl - Finished findById() method.
[TRACE] 2017-04-08 18:06:46 SubjectDaoImpl - Started findById() method.
[TRACE] 2017-04-08 18:06:46 SubjectDaoImpl - Getting Conncetion and creating prepared statement.
[TRACE] 2017-04-08 18:06:46 Connector - Started getConnection() method.
[TRACE] 2017-04-08 18:06:46 Connector - Found DRIVER=org.postgresql.Driver
[TRACE] 2017-04-08 18:06:46 Connector - Got connection.
[TRACE] 2017-04-08 18:06:46 Connector - Finished getConnection().
[TRACE] 2017-04-08 18:06:46 SubjectDaoImpl - Statement :select * from subjects where id=2 is received.
[TRACE] 2017-04-08 18:06:46 SubjectDaoImpl - Getting the result set.
[DEBUG] 2017-04-08 18:06:46 SubjectDaoImpl - Executed query :select * from subjects where id=2
[TRACE] 2017-04-08 18:06:46 SubjectDaoImpl - Got the result set.
[INFO ] 2017-04-08 18:06:46 SubjectDaoImpl - Found the Subject :Subject [id=2, name=English]
[TRACE] 2017-04-08 18:06:46 SubjectDaoImpl - Finished findById() method.
[TRACE] 2017-04-08 18:06:46 TeacherDaoImpl - Started findById() method.
[TRACE] 2017-04-08 18:06:46 TeacherDaoImpl - Getting Conncetion and creating prepared statement.
[TRACE] 2017-04-08 18:06:46 Connector - Started getConnection() method.
[TRACE] 2017-04-08 18:06:46 Connector - Found DRIVER=org.postgresql.Driver
[TRACE] 2017-04-08 18:06:47 Connector - Got connection.
[TRACE] 2017-04-08 18:06:47 Connector - Finished getConnection().
[TRACE] 2017-04-08 18:06:47 TeacherDaoImpl - Statement :select * from teachers where id=3 is received.
[TRACE] 2017-04-08 18:06:47 TeacherDaoImpl - Getting the result set.
[DEBUG] 2017-04-08 18:06:47 TeacherDaoImpl - Executed query :select * from teachers where id=3
[TRACE] 2017-04-08 18:06:47 TeacherDaoImpl - Got the result set.
[TRACE] 2017-04-08 18:06:47 SubjectDaoImpl - Started findById() method.
[TRACE] 2017-04-08 18:06:47 SubjectDaoImpl - Getting Conncetion and creating prepared statement.
[TRACE] 2017-04-08 18:06:47 Connector - Started getConnection() method.
[TRACE] 2017-04-08 18:06:47 Connector - Found DRIVER=org.postgresql.Driver
[TRACE] 2017-04-08 18:06:47 Connector - Got connection.
[TRACE] 2017-04-08 18:06:47 Connector - Finished getConnection().
[TRACE] 2017-04-08 18:06:47 SubjectDaoImpl - Statement :select * from subjects where id=2 is received.
[TRACE] 2017-04-08 18:06:47 SubjectDaoImpl - Getting the result set.
[DEBUG] 2017-04-08 18:06:47 SubjectDaoImpl - Executed query :select * from subjects where id=2
[TRACE] 2017-04-08 18:06:47 SubjectDaoImpl - Got the result set.
[INFO ] 2017-04-08 18:06:47 SubjectDaoImpl - Found the Subject :Subject [id=2, name=English]
[TRACE] 2017-04-08 18:06:47 SubjectDaoImpl - Finished findById() method.
[INFO ] 2017-04-08 18:06:47 TeacherDaoImpl - Found the Teacher :Teacher [id=3, name=Chizhik Nikita]
[TRACE] 2017-04-08 18:06:47 TeacherDaoImpl - Finished findById() method.
[TRACE] 2017-04-08 18:06:47 GroupDaoImpl - Started findById() method.
[TRACE] 2017-04-08 18:06:47 GroupDaoImpl - Getting Conncetion and creating prepared statement.
[TRACE] 2017-04-08 18:06:47 Connector - Started getConnection() method.
[TRACE] 2017-04-08 18:06:47 Connector - Found DRIVER=org.postgresql.Driver
[TRACE] 2017-04-08 18:06:47 Connector - Got connection.
[TRACE] 2017-04-08 18:06:47 Connector - Finished getConnection().
[TRACE] 2017-04-08 18:06:47 GroupDaoImpl - Statement :select * from groups where id=2 is received.
[TRACE] 2017-04-08 18:06:47 GroupDaoImpl - Getting the result set.
[DEBUG] 2017-04-08 18:06:47 GroupDaoImpl - Executed query :select * from groups where id=2
[TRACE] 2017-04-08 18:06:47 GroupDaoImpl - Got the result set.
[TRACE] 2017-04-08 18:06:47 GroupDaoImpl - Started findStudentsByGroupId() method.
[TRACE] 2017-04-08 18:06:47 GroupDaoImpl - Getting Conncetion and creating prepared statement.
[TRACE] 2017-04-08 18:06:47 Connector - Started getConnection() method.
[TRACE] 2017-04-08 18:06:47 Connector - Found DRIVER=org.postgresql.Driver
[TRACE] 2017-04-08 18:06:47 Connector - Got connection.
[TRACE] 2017-04-08 18:06:47 Connector - Finished getConnection().
[TRACE] 2017-04-08 18:06:47 GroupDaoImpl - Statement :select student_id from groups_students where group_id=2 is received.
[TRACE] 2017-04-08 18:06:47 GroupDaoImpl - Getting the result set.
[DEBUG] 2017-04-08 18:06:47 GroupDaoImpl - Executed query :select student_id from groups_students where group_id=2
[TRACE] 2017-04-08 18:06:47 GroupDaoImpl - Got the result set.
[TRACE] 2017-04-08 18:06:47 StudentDaoImpl - Started findById() method.
[TRACE] 2017-04-08 18:06:47 StudentDaoImpl - Getting Conncetion and creating prepared statement.
[TRACE] 2017-04-08 18:06:47 Connector - Started getConnection() method.
[TRACE] 2017-04-08 18:06:47 Connector - Found DRIVER=org.postgresql.Driver
[TRACE] 2017-04-08 18:06:47 Connector - Got connection.
[TRACE] 2017-04-08 18:06:47 Connector - Finished getConnection().
[TRACE] 2017-04-08 18:06:47 StudentDaoImpl - Statement :select * from students where id=2790 is received.
[TRACE] 2017-04-08 18:06:47 StudentDaoImpl - Getting the result set.
[DEBUG] 2017-04-08 18:06:47 StudentDaoImpl - Executed query :select * from students where id=2790
[TRACE] 2017-04-08 18:06:47 StudentDaoImpl - Got the result set.
[INFO ] 2017-04-08 18:06:47 StudentDaoImpl - Found the Student :Student [id=2790, name=Dasha]
[TRACE] 2017-04-08 18:06:47 StudentDaoImpl - Finished findById() method.
[TRACE] 2017-04-08 18:06:47 StudentDaoImpl - Started findById() method.
[TRACE] 2017-04-08 18:06:47 StudentDaoImpl - Getting Conncetion and creating prepared statement.
[TRACE] 2017-04-08 18:06:47 Connector - Started getConnection() method.
[TRACE] 2017-04-08 18:06:47 Connector - Found DRIVER=org.postgresql.Driver
[TRACE] 2017-04-08 18:06:47 Connector - Got connection.
[TRACE] 2017-04-08 18:06:47 Connector - Finished getConnection().
[TRACE] 2017-04-08 18:06:47 StudentDaoImpl - Statement :select * from students where id=2789 is received.
[TRACE] 2017-04-08 18:06:47 StudentDaoImpl - Getting the result set.
[DEBUG] 2017-04-08 18:06:47 StudentDaoImpl - Executed query :select * from students where id=2789
[TRACE] 2017-04-08 18:06:47 StudentDaoImpl - Got the result set.
[INFO ] 2017-04-08 18:06:47 StudentDaoImpl - Found the Student :Student [id=2789, name=Nikita]
[TRACE] 2017-04-08 18:06:47 StudentDaoImpl - Finished findById() method.
[INFO ] 2017-04-08 18:06:47 GroupDaoImpl - Found 2 Students by Group id=2
[TRACE] 2017-04-08 18:06:47 GroupDaoImpl - Finished findStudentsByGroupId() method.
[INFO ] 2017-04-08 18:06:47 GroupDaoImpl - Found the Group :Group [id=2, name=234]
[TRACE] 2017-04-08 18:06:47 GroupDaoImpl - Finished findById() method.
[TRACE] 2017-04-08 18:06:47 RoomDaoImpl - Started findById() method.
[TRACE] 2017-04-08 18:06:47 RoomDaoImpl - Getting Conncetion and creating prepared statement.
[TRACE] 2017-04-08 18:06:47 Connector - Started getConnection() method.
[TRACE] 2017-04-08 18:06:47 Connector - Found DRIVER=org.postgresql.Driver
[TRACE] 2017-04-08 18:06:47 Connector - Got connection.
[TRACE] 2017-04-08 18:06:47 Connector - Finished getConnection().
[TRACE] 2017-04-08 18:06:47 RoomDaoImpl - Statement :select * from rooms where id=5 is received.
[TRACE] 2017-04-08 18:06:47 RoomDaoImpl - Getting the result set.
[DEBUG] 2017-04-08 18:06:47 RoomDaoImpl - Executed query :select * from rooms where id=5
[TRACE] 2017-04-08 18:06:47 RoomDaoImpl - Got the result set.
[INFO ] 2017-04-08 18:06:47 RoomDaoImpl - Found the Room :Room [id=5, number=121]
[TRACE] 2017-04-08 18:06:47 RoomDaoImpl - Finished findById() method.
[TRACE] 2017-04-08 18:06:47 SubjectDaoImpl - Started findById() method.
[TRACE] 2017-04-08 18:06:47 SubjectDaoImpl - Getting Conncetion and creating prepared statement.
[TRACE] 2017-04-08 18:06:47 Connector - Started getConnection() method.
[TRACE] 2017-04-08 18:06:47 Connector - Found DRIVER=org.postgresql.Driver
[TRACE] 2017-04-08 18:06:47 Connector - Got connection.
[TRACE] 2017-04-08 18:06:47 Connector - Finished getConnection().
[TRACE] 2017-04-08 18:06:47 SubjectDaoImpl - Statement :select * from subjects where id=4 is received.
[TRACE] 2017-04-08 18:06:47 SubjectDaoImpl - Getting the result set.
[DEBUG] 2017-04-08 18:06:47 SubjectDaoImpl - Executed query :select * from subjects where id=4
[TRACE] 2017-04-08 18:06:47 SubjectDaoImpl - Got the result set.
[INFO ] 2017-04-08 18:06:47 SubjectDaoImpl - Found the Subject :Subject [id=4, name=Programming]
[TRACE] 2017-04-08 18:06:47 SubjectDaoImpl - Finished findById() method.
[TRACE] 2017-04-08 18:06:47 TeacherDaoImpl - Started findById() method.
[TRACE] 2017-04-08 18:06:47 TeacherDaoImpl - Getting Conncetion and creating prepared statement.
[TRACE] 2017-04-08 18:06:47 Connector - Started getConnection() method.
[TRACE] 2017-04-08 18:06:47 Connector - Found DRIVER=org.postgresql.Driver
[TRACE] 2017-04-08 18:06:47 Connector - Got connection.
[TRACE] 2017-04-08 18:06:47 Connector - Finished getConnection().
[TRACE] 2017-04-08 18:06:47 TeacherDaoImpl - Statement :select * from teachers where id=12 is received.
[TRACE] 2017-04-08 18:06:47 TeacherDaoImpl - Getting the result set.
[DEBUG] 2017-04-08 18:06:47 TeacherDaoImpl - Executed query :select * from teachers where id=12
[TRACE] 2017-04-08 18:06:47 TeacherDaoImpl - Got the result set.
[TRACE] 2017-04-08 18:06:47 SubjectDaoImpl - Started findById() method.
[TRACE] 2017-04-08 18:06:47 SubjectDaoImpl - Getting Conncetion and creating prepared statement.
[TRACE] 2017-04-08 18:06:47 Connector - Started getConnection() method.
[TRACE] 2017-04-08 18:06:47 Connector - Found DRIVER=org.postgresql.Driver
[TRACE] 2017-04-08 18:06:47 Connector - Got connection.
[TRACE] 2017-04-08 18:06:47 Connector - Finished getConnection().
[TRACE] 2017-04-08 18:06:47 SubjectDaoImpl - Statement :select * from subjects where id=6 is received.
[TRACE] 2017-04-08 18:06:47 SubjectDaoImpl - Getting the result set.
[DEBUG] 2017-04-08 18:06:47 SubjectDaoImpl - Executed query :select * from subjects where id=6
[TRACE] 2017-04-08 18:06:47 SubjectDaoImpl - Got the result set.
[INFO ] 2017-04-08 18:06:47 SubjectDaoImpl - Found the Subject :Subject [id=6, name=Bibliolog!Test]
[TRACE] 2017-04-08 18:06:47 SubjectDaoImpl - Finished findById() method.
[INFO ] 2017-04-08 18:06:47 TeacherDaoImpl - Found the Teacher :Teacher [id=12, name=Roma]
[TRACE] 2017-04-08 18:06:47 TeacherDaoImpl - Finished findById() method.
[INFO ] 2017-04-08 18:06:47 LessonDaoImpl - Got 2 lessons for Student timetable for Month
[TRACE] 2017-04-08 18:06:47 LessonDaoImpl - Finished getStudentTimetableFoMonth() method.
[INFO ] 2017-04-08 18:06:47 LessonManagerImpl - Found 2 lessons for Student:Student [id=2790, name=Dasha] and Date:Wed Mar 01 00:00:00 MSK 2017
[TRACE] 2017-04-08 18:06:47 LessonManagerImpl - Finished getStudentTimetableFoMonth().
[TRACE] 2017-04-08 18:06:47 StudentManagerImpl - Started findAll() method.
[TRACE] 2017-04-08 18:06:47 StudentManagerImpl - Finding all students
[TRACE] 2017-04-08 18:06:47 StudentDaoImpl - Started findAll() method.
[TRACE] 2017-04-08 18:06:47 StudentDaoImpl - Getting Conncetion and creating prepared statement and getting the result set.
[TRACE] 2017-04-08 18:06:47 Connector - Started getConnection() method.
[TRACE] 2017-04-08 18:06:47 Connector - Found DRIVER=org.postgresql.Driver
[TRACE] 2017-04-08 18:06:47 Connector - Got connection.
[TRACE] 2017-04-08 18:06:47 Connector - Finished getConnection().
[DEBUG] 2017-04-08 18:06:47 StudentDaoImpl - Executed query :select * from students
[TRACE] 2017-04-08 18:06:47 StudentDaoImpl - Got the result set.
[INFO ] 2017-04-08 18:06:47 StudentDaoImpl - Found all students.
[TRACE] 2017-04-08 18:06:47 StudentDaoImpl - Finished findAll() method.
[TRACE] 2017-04-08 18:06:47 StudentManagerImpl - Finished findAll() method.
[TRACE] 2017-04-08 18:06:47 DisplayStudentForMonthServlet - Finished displayStudentTimetableForMonth() method.
