[INFO ] 2017-03-14 14:52:15 StudentDaoImpl - Found the Student :Student [id=2, name=Nikita                                                                          ]
[INFO ] 2017-03-14 14:52:15 GroupDaoImpl - Found 1 Students by Group id=2
[INFO ] 2017-03-14 14:52:15 GroupDaoImpl - Found the Group :Group [id=2, name=01                                                                              ]
[INFO ] 2017-03-14 14:52:16 RoomDaoImpl - Found the Room :Room [id=1, number=1                                                 ]
[INFO ] 2017-03-14 14:52:16 SubjectDaoImpl - Found the Subject :Subject [id=1, name=Speaking                                                                        ]
[INFO ] 2017-03-14 14:52:16 SubjectDaoImpl - Found the Subject :null
[INFO ] 2017-03-14 14:52:16 TeacherDaoImpl - Found the Teacher :Teacher [id=1, name=Nikita Chizik Valerievich                                                       ]
[INFO ] 2017-03-14 14:52:16 LessonDaoImpl - Created a lesson :Lesson [id=94, number=56]
[INFO ] 2017-03-14 14:52:16 StudentDaoImpl - Found the Student :Student [id=3, name=Dasha                                                                           ]
[INFO ] 2017-03-14 14:52:16 StudentDaoImpl - Found the Student :Student [id=4, name=Masha                                                                           ]
[INFO ] 2017-03-14 14:52:16 GroupDaoImpl - Found 2 Students by Group id=1
[INFO ] 2017-03-14 14:52:16 GroupDaoImpl - Found the Group :Group [id=1, name=36b                                                                             ]
[INFO ] 2017-03-14 14:52:16 RoomDaoImpl - Found the Room :Room [id=1, number=1                                                 ]
[INFO ] 2017-03-14 14:52:16 SubjectDaoImpl - Found the Subject :Subject [id=4, name=english                                                                         ]
[INFO ] 2017-03-14 14:52:16 SubjectDaoImpl - Found the Subject :null
[INFO ] 2017-03-14 14:52:16 TeacherDaoImpl - Found the Teacher :Teacher [id=9, name=olya                                                                            ]
[INFO ] 2017-03-14 14:52:16 GroupDaoImpl - Found 0 Students by Group id=5
[INFO ] 2017-03-14 14:52:16 GroupDaoImpl - Found the Group :Group [id=5, name=04                                                                              ]
[INFO ] 2017-03-14 14:52:16 RoomDaoImpl - Found the Room :Room [id=25, number=2                                                 ]
[INFO ] 2017-03-14 14:52:16 SubjectDaoImpl - Found the Subject :Subject [id=5, name=english                                                                         ]
[INFO ] 2017-03-14 14:52:17 SubjectDaoImpl - Found the Subject :null
[INFO ] 2017-03-14 14:52:17 TeacherDaoImpl - Found the Teacher :Teacher [id=5, name=olya                                                                            ]
[INFO ] 2017-03-14 14:52:17 StudentDaoImpl - Found the Student :Student [id=2, name=Nikita                                                                          ]
[INFO ] 2017-03-14 14:52:17 GroupDaoImpl - Found 1 Students by Group id=2
[INFO ] 2017-03-14 14:52:17 GroupDaoImpl - Found the Group :Group [id=2, name=01                                                                              ]
[INFO ] 2017-03-14 14:52:17 RoomDaoImpl - Found the Room :Room [id=1, number=1                                                 ]
[INFO ] 2017-03-14 14:52:17 SubjectDaoImpl - Found the Subject :Subject [id=1, name=Speaking                                                                        ]
[INFO ] 2017-03-14 14:52:17 SubjectDaoImpl - Found the Subject :null
[INFO ] 2017-03-14 14:52:17 TeacherDaoImpl - Found the Teacher :Teacher [id=1, name=Nikita Chizik Valerievich                                                       ]
[INFO ] 2017-03-14 14:52:17 StudentDaoImpl - Found the Student :Student [id=2, name=Nikita                                                                          ]
[INFO ] 2017-03-14 14:52:17 GroupDaoImpl - Found 1 Students by Group id=2
[INFO ] 2017-03-14 14:52:17 GroupDaoImpl - Found the Group :Group [id=2, name=01                                                                              ]
[INFO ] 2017-03-14 14:52:17 RoomDaoImpl - Found the Room :Room [id=1, number=1                                                 ]
[INFO ] 2017-03-14 14:52:17 SubjectDaoImpl - Found the Subject :Subject [id=1, name=Speaking                                                                        ]
[INFO ] 2017-03-14 14:52:17 SubjectDaoImpl - Found the Subject :null
[INFO ] 2017-03-14 14:52:17 TeacherDaoImpl - Found the Teacher :Teacher [id=1, name=Nikita Chizik Valerievich                                                       ]
[INFO ] 2017-03-14 14:52:17 StudentDaoImpl - Found the Student :Student [id=2, name=Nikita                                                                          ]
[INFO ] 2017-03-14 14:52:18 GroupDaoImpl - Found 1 Students by Group id=2
[INFO ] 2017-03-14 14:52:18 GroupDaoImpl - Found the Group :Group [id=2, name=01                                                                              ]
[INFO ] 2017-03-14 14:52:18 RoomDaoImpl - Found the Room :Room [id=1, number=1                                                 ]
[INFO ] 2017-03-14 14:52:18 SubjectDaoImpl - Found the Subject :Subject [id=1, name=Speaking                                                                        ]
[INFO ] 2017-03-14 14:52:18 SubjectDaoImpl - Found the Subject :null
[INFO ] 2017-03-14 14:52:18 TeacherDaoImpl - Found the Teacher :Teacher [id=1, name=Nikita Chizik Valerievich                                                       ]
[INFO ] 2017-03-14 14:52:18 StudentDaoImpl - Found the Student :Student [id=2, name=Nikita                                                                          ]
[INFO ] 2017-03-14 14:52:18 GroupDaoImpl - Found 1 Students by Group id=2
[INFO ] 2017-03-14 14:52:18 GroupDaoImpl - Found the Group :Group [id=2, name=01                                                                              ]
[INFO ] 2017-03-14 14:52:18 RoomDaoImpl - Found the Room :Room [id=1, number=1                                                 ]
[INFO ] 2017-03-14 14:52:18 SubjectDaoImpl - Found the Subject :Subject [id=1, name=Speaking                                                                        ]
[INFO ] 2017-03-14 14:52:18 SubjectDaoImpl - Found the Subject :null
[INFO ] 2017-03-14 14:52:18 TeacherDaoImpl - Found the Teacher :Teacher [id=1, name=Nikita Chizik Valerievich                                                       ]
[INFO ] 2017-03-14 14:52:18 StudentDaoImpl - Found the Student :Student [id=2, name=Nikita                                                                          ]
[INFO ] 2017-03-14 14:52:18 GroupDaoImpl - Found 1 Students by Group id=2
[INFO ] 2017-03-14 14:52:18 GroupDaoImpl - Found the Group :Group [id=2, name=01                                                                              ]
[INFO ] 2017-03-14 14:52:18 RoomDaoImpl - Found the Room :Room [id=1, number=1                                                 ]
[INFO ] 2017-03-14 14:52:18 SubjectDaoImpl - Found the Subject :Subject [id=1, name=Speaking                                                                        ]
[INFO ] 2017-03-14 14:52:18 SubjectDaoImpl - Found the Subject :null
[INFO ] 2017-03-14 14:52:18 TeacherDaoImpl - Found the Teacher :Teacher [id=1, name=Nikita Chizik Valerievich                                                       ]
[INFO ] 2017-03-14 14:52:19 StudentDaoImpl - Found the Student :Student [id=2, name=Nikita                                                                          ]
[INFO ] 2017-03-14 14:52:19 GroupDaoImpl - Found 1 Students by Group id=2
[INFO ] 2017-03-14 14:52:19 GroupDaoImpl - Found the Group :Group [id=2, name=01                                                                              ]
[INFO ] 2017-03-14 14:52:19 RoomDaoImpl - Found the Room :Room [id=1, number=1                                                 ]
[INFO ] 2017-03-14 14:52:19 SubjectDaoImpl - Found the Subject :Subject [id=1, name=Speaking                                                                        ]
[INFO ] 2017-03-14 14:52:19 SubjectDaoImpl - Found the Subject :null
[INFO ] 2017-03-14 14:52:19 TeacherDaoImpl - Found the Teacher :Teacher [id=1, name=Nikita Chizik Valerievich                                                       ]
[INFO ] 2017-03-14 14:52:19 StudentDaoImpl - Found the Student :Student [id=2, name=Nikita                                                                          ]
[INFO ] 2017-03-14 14:52:19 GroupDaoImpl - Found 1 Students by Group id=2
[INFO ] 2017-03-14 14:52:19 GroupDaoImpl - Found the Group :Group [id=2, name=01                                                                              ]
[INFO ] 2017-03-14 14:52:19 RoomDaoImpl - Found the Room :Room [id=1, number=1                                                 ]
[INFO ] 2017-03-14 14:52:19 SubjectDaoImpl - Found the Subject :Subject [id=1, name=Speaking                                                                        ]
[INFO ] 2017-03-14 14:52:19 SubjectDaoImpl - Found the Subject :null
[INFO ] 2017-03-14 14:52:19 TeacherDaoImpl - Found the Teacher :Teacher [id=1, name=Nikita Chizik Valerievich                                                       ]
[INFO ] 2017-03-14 14:52:19 StudentDaoImpl - Found the Student :Student [id=2, name=Nikita                                                                          ]
[INFO ] 2017-03-14 14:52:19 GroupDaoImpl - Found 1 Students by Group id=2
[INFO ] 2017-03-14 14:52:19 GroupDaoImpl - Found the Group :Group [id=2, name=01                                                                              ]
[INFO ] 2017-03-14 14:52:20 RoomDaoImpl - Found the Room :Room [id=1, number=1                                                 ]
[INFO ] 2017-03-14 14:52:20 SubjectDaoImpl - Found the Subject :Subject [id=1, name=Speaking                                                                        ]
[INFO ] 2017-03-14 14:52:20 SubjectDaoImpl - Found the Subject :null
[INFO ] 2017-03-14 14:52:20 TeacherDaoImpl - Found the Teacher :Teacher [id=1, name=Nikita Chizik Valerievich                                                       ]
[INFO ] 2017-03-14 14:52:20 LessonDaoImpl - Got 10 lessons for teacher timetable for day
[INFO ] 2017-03-14 14:52:20 Timetable - Found 10 lessons for teacher:Teacher [id=1, name=null] and Date:Sat Mar 11 00:00:00 MSK 2017
